  Searching for include files...
  Searching for example files...
  Searching for images...
  Searching for files in directory C:/Users/samue/Desktop/Dossier Projet Application Mus├®e/Mus├®e
  Searching for files in directory C:/Users/samue/Desktop/Dossier Projet Application Mus├®e/Mus├®e/Documentation
  Searching for files in directory C:/Users/samue/Desktop/Dossier Projet Application Mus├®e/Mus├®e/Documentation/Doxygen
  Searching for files in directory C:/Users/samue/Desktop/Dossier Projet Application Mus├®e/Mus├®e/Documentation/html
  Searching for files in directory C:/Users/samue/Desktop/Dossier Projet Application Mus├®e/Mus├®e/Solutions
  Searching for files in directory C:/Users/samue/Desktop/Dossier Projet Application Mus├®e/Mus├®e/Solutions/Applications
  Searching for files in directory C:/Users/samue/Desktop/Dossier Projet Application Mus├®e/Mus├®e/Solutions/Applications/Core
  Searching for files in directory C:/Users/samue/Desktop/Dossier Projet Application Mus├®e/Mus├®e/Solutions/Applications/Core/bin
  Searching for files in directory C:/Users/samue/Desktop/Dossier Projet Application Mus├®e/Mus├®e/Solutions/Applications/Core/bin/Debug
  Searching for files in directory C:/Users/samue/Desktop/Dossier Projet Application Mus├®e/Mus├®e/Solutions/Applications/Core/bin/Release
  Searching for files in directory C:/Users/samue/Desktop/Dossier Projet Application Mus├®e/Mus├®e/Solutions/Applications/Core/obj
  Searching for files in directory C:/Users/samue/Desktop/Dossier Projet Application Mus├®e/Mus├®e/Solutions/Applications/Core/obj/Debug
  Searching for files in directory C:/Users/samue/Desktop/Dossier Projet Application Mus├®e/Mus├®e/Solutions/Applications/Core/obj/Debug/TempPE
  Searching for files in directory C:/Users/samue/Desktop/Dossier Projet Application Mus├®e/Mus├®e/Solutions/Applications/Core/obj/Release
  Searching for files in directory C:/Users/samue/Desktop/Dossier Projet Application Mus├®e/Mus├®e/Solutions/Applications/Core/obj/Release/TempPE
  Searching for files in directory C:/Users/samue/Desktop/Dossier Projet Application Mus├®e/Mus├®e/Solutions/Applications/Core/Properties
  Searching for files in directory C:/Users/samue/Desktop/Dossier Projet Application Mus├®e/Mus├®e/Solutions/Applications/Debug
  Searching for files in directory C:/Users/samue/Desktop/Dossier Projet Application Mus├®e/Mus├®e/Solutions/Applications/Documentation
  Searching for files in directory C:/Users/samue/Desktop/Dossier Projet Application Mus├®e/Mus├®e/Solutions/Applications/Documentation/obj
  Searching for files in directory C:/Users/samue/Desktop/Dossier Projet Application Mus├®e/Mus├®e/Solutions/Applications/Documentation/obj/Win32
  Searching for files in directory C:/Users/samue/Desktop/Dossier Projet Application Mus├®e/Mus├®e/Solutions/Applications/Documentation/obj/Win32/Debug
  Searching for files in directory C:/Users/samue/Desktop/Dossier Projet Application Mus├®e/Mus├®e/Solutions/Applications/Documentation/obj/Win32/Release
  Searching for files in directory C:/Users/samue/Desktop/Dossier Projet Application Mus├®e/Mus├®e/Solutions/Applications/Documentation/Release
  Searching for files in directory C:/Users/samue/Desktop/Dossier Projet Application Mus├®e/Mus├®e/Solutions/Applications/Mus├®e
  Searching for files in directory C:/Users/samue/Desktop/Dossier Projet Application Mus├®e/Mus├®e/Solutions/Applications/Mus├®e/bin
  Searching for files in directory C:/Users/samue/Desktop/Dossier Projet Application Mus├®e/Mus├®e/Solutions/Applications/Mus├®e/bin/Debug
  Searching for files in directory C:/Users/samue/Desktop/Dossier Projet Application Mus├®e/Mus├®e/Solutions/Applications/Mus├®e/bin/Release
  Searching for files in directory C:/Users/samue/Desktop/Dossier Projet Application Mus├®e/Mus├®e/Solutions/Applications/Mus├®e/obj
  Searching for files in directory C:/Users/samue/Desktop/Dossier Projet Application Mus├®e/Mus├®e/Solutions/Applications/Mus├®e/obj/Debug
  Searching for files in directory C:/Users/samue/Desktop/Dossier Projet Application Mus├®e/Mus├®e/Solutions/Applications/Mus├®e/obj/Debug/TempPE
  Searching for files in directory C:/Users/samue/Desktop/Dossier Projet Application Mus├®e/Mus├®e/Solutions/Applications/Mus├®e/obj/Release
  Searching for files in directory C:/Users/samue/Desktop/Dossier Projet Application Mus├®e/Mus├®e/Solutions/Applications/Mus├®e/obj/Release/TempPE
  Searching for files in directory C:/Users/samue/Desktop/Dossier Projet Application Mus├®e/Mus├®e/Solutions/Applications/Mus├®e/Properties
  Searching for files in directory C:/Users/samue/Desktop/Dossier Projet Application Mus├®e/Mus├®e/Solutions/Applications/Persistance_XML
  Searching for files in directory C:/Users/samue/Desktop/Dossier Projet Application Mus├®e/Mus├®e/Solutions/Applications/Persistance_XML/bin
  Searching for files in directory C:/Users/samue/Desktop/Dossier Projet Application Mus├®e/Mus├®e/Solutions/Applications/Persistance_XML/bin/Debug
  Searching for files in directory C:/Users/samue/Desktop/Dossier Projet Application Mus├®e/Mus├®e/Solutions/Applications/Persistance_XML/bin/Release
  Searching for files in directory C:/Users/samue/Desktop/Dossier Projet Application Mus├®e/Mus├®e/Solutions/Applications/Persistance_XML/obj
  Searching for files in directory C:/Users/samue/Desktop/Dossier Projet Application Mus├®e/Mus├®e/Solutions/Applications/Persistance_XML/obj/Debug
  Searching for files in directory C:/Users/samue/Desktop/Dossier Projet Application Mus├®e/Mus├®e/Solutions/Applications/Persistance_XML/obj/Debug/TempPE
  Searching for files in directory C:/Users/samue/Desktop/Dossier Projet Application Mus├®e/Mus├®e/Solutions/Applications/Persistance_XML/obj/Release
  Searching for files in directory C:/Users/samue/Desktop/Dossier Projet Application Mus├®e/Mus├®e/Solutions/Applications/Persistance_XML/obj/Release/TempPE
  Searching for files in directory C:/Users/samue/Desktop/Dossier Projet Application Mus├®e/Mus├®e/Solutions/Applications/Persistance_XML/Properties
  Searching for files in directory C:/Users/samue/Desktop/Dossier Projet Application Mus├®e/Mus├®e/Solutions/Applications/Release
  Searching for files in directory C:/Users/samue/Desktop/Dossier Projet Application Mus├®e/Mus├®e/Solutions/Applications/Stub
  Searching for files in directory C:/Users/samue/Desktop/Dossier Projet Application Mus├®e/Mus├®e/Solutions/Applications/Stub/bin
  Searching for files in directory C:/Users/samue/Desktop/Dossier Projet Application Mus├®e/Mus├®e/Solutions/Applications/Stub/bin/Debug
  Searching for files in directory C:/Users/samue/Desktop/Dossier Projet Application Mus├®e/Mus├®e/Solutions/Applications/Stub/bin/Release
  Searching for files in directory C:/Users/samue/Desktop/Dossier Projet Application Mus├®e/Mus├®e/Solutions/Applications/Stub/Images
  Searching for files in directory C:/Users/samue/Desktop/Dossier Projet Application Mus├®e/Mus├®e/Solutions/Applications/Stub/obj
  Searching for files in directory C:/Users/samue/Desktop/Dossier Projet Application Mus├®e/Mus├®e/Solutions/Applications/Stub/obj/Debug
  Searching for files in directory C:/Users/samue/Desktop/Dossier Projet Application Mus├®e/Mus├®e/Solutions/Applications/Stub/obj/Debug/TempPE
  Searching for files in directory C:/Users/samue/Desktop/Dossier Projet Application Mus├®e/Mus├®e/Solutions/Applications/Stub/obj/Release
  Searching for files in directory C:/Users/samue/Desktop/Dossier Projet Application Mus├®e/Mus├®e/Solutions/Applications/Stub/obj/Release/TempPE
  Searching for files in directory C:/Users/samue/Desktop/Dossier Projet Application Mus├®e/Mus├®e/Solutions/Applications/Stub/Properties
  Searching for files in directory C:/Users/samue/Desktop/Dossier Projet Application Mus├®e/Mus├®e/Solutions/Applications/Stub/XML
  Searching for files in directory C:/Users/samue/Desktop/Dossier Projet Application Mus├®e/Mus├®e/Solutions/Applications/Tests
  Searching for files in directory C:/Users/samue/Desktop/Dossier Projet Application Mus├®e/Mus├®e/Solutions/Applications/Tests/Test_Persistance_XML
  Searching for files in directory C:/Users/samue/Desktop/Dossier Projet Application Mus├®e/Mus├®e/Solutions/Applications/Tests/Test_Persistance_XML/bin
  Searching for files in directory C:/Users/samue/Desktop/Dossier Projet Application Mus├®e/Mus├®e/Solutions/Applications/Tests/Test_Persistance_XML/bin/Debug
  Searching for files in directory C:/Users/samue/Desktop/Dossier Projet Application Mus├®e/Mus├®e/Solutions/Applications/Tests/Test_Persistance_XML/bin/Release
  Searching for files in directory C:/Users/samue/Desktop/Dossier Projet Application Mus├®e/Mus├®e/Solutions/Applications/Tests/Test_Persistance_XML/obj
  Searching for files in directory C:/Users/samue/Desktop/Dossier Projet Application Mus├®e/Mus├®e/Solutions/Applications/Tests/Test_Persistance_XML/obj/Debug
  Searching for files in directory C:/Users/samue/Desktop/Dossier Projet Application Mus├®e/Mus├®e/Solutions/Applications/Tests/Test_Persistance_XML/obj/Debug/TempPE
  Searching for files in directory C:/Users/samue/Desktop/Dossier Projet Application Mus├®e/Mus├®e/Solutions/Applications/Tests/Test_Persistance_XML/obj/Release
  Searching for files in directory C:/Users/samue/Desktop/Dossier Projet Application Mus├®e/Mus├®e/Solutions/Applications/Tests/Test_Persistance_XML/obj/Release/TempPE
  Searching for files in directory C:/Users/samue/Desktop/Dossier Projet Application Mus├®e/Mus├®e/Solutions/Applications/Tests/Test_Persistance_XML/Properties
  Searching for files in directory C:/Users/samue/Desktop/Dossier Projet Application Mus├®e/Mus├®e/Solutions/Applications/Tests/Test_Persistance_XML/XML
  Searching for files in directory C:/Users/samue/Desktop/Dossier Projet Application Mus├®e/Mus├®e/Solutions/Applications/Tests/Test_PieceDeMusee
  Searching for files in directory C:/Users/samue/Desktop/Dossier Projet Application Mus├®e/Mus├®e/Solutions/Applications/Tests/Test_PieceDeMusee/bin
  Searching for files in directory C:/Users/samue/Desktop/Dossier Projet Application Mus├®e/Mus├®e/Solutions/Applications/Tests/Test_PieceDeMusee/bin/Debug
  Searching for files in directory C:/Users/samue/Desktop/Dossier Projet Application Mus├®e/Mus├®e/Solutions/Applications/Tests/Test_PieceDeMusee/bin/Release
  Searching for files in directory C:/Users/samue/Desktop/Dossier Projet Application Mus├®e/Mus├®e/Solutions/Applications/Tests/Test_PieceDeMusee/obj
  Searching for files in directory C:/Users/samue/Desktop/Dossier Projet Application Mus├®e/Mus├®e/Solutions/Applications/Tests/Test_PieceDeMusee/obj/Debug
  Searching for files in directory C:/Users/samue/Desktop/Dossier Projet Application Mus├®e/Mus├®e/Solutions/Applications/Tests/Test_PieceDeMusee/obj/Debug/TempPE
  Searching for files in directory C:/Users/samue/Desktop/Dossier Projet Application Mus├®e/Mus├®e/Solutions/Applications/Tests/Test_PieceDeMusee/obj/Release
  Searching for files in directory C:/Users/samue/Desktop/Dossier Projet Application Mus├®e/Mus├®e/Solutions/Applications/Tests/Test_PieceDeMusee/obj/Release/TempPE
  Searching for files in directory C:/Users/samue/Desktop/Dossier Projet Application Mus├®e/Mus├®e/Solutions/Applications/Tests/Test_PieceDeMusee/Properties
  Searching for files in directory C:/Users/samue/Desktop/Dossier Projet Application Mus├®e/Mus├®e/Solutions/Applications/Tests/Test_Utilisateur
  Searching for files in directory C:/Users/samue/Desktop/Dossier Projet Application Mus├®e/Mus├®e/Solutions/Applications/Tests/Test_Utilisateur/bin
  Searching for files in directory C:/Users/samue/Desktop/Dossier Projet Application Mus├®e/Mus├®e/Solutions/Applications/Tests/Test_Utilisateur/bin/Debug
  Searching for files in directory C:/Users/samue/Desktop/Dossier Projet Application Mus├®e/Mus├®e/Solutions/Applications/Tests/Test_Utilisateur/bin/Release
  Searching for files in directory C:/Users/samue/Desktop/Dossier Projet Application Mus├®e/Mus├®e/Solutions/Applications/Tests/Test_Utilisateur/obj
  Searching for files in directory C:/Users/samue/Desktop/Dossier Projet Application Mus├®e/Mus├®e/Solutions/Applications/Tests/Test_Utilisateur/obj/Debug
  Searching for files in directory C:/Users/samue/Desktop/Dossier Projet Application Mus├®e/Mus├®e/Solutions/Applications/Tests/Test_Utilisateur/obj/Debug/TempPE
  Searching for files in directory C:/Users/samue/Desktop/Dossier Projet Application Mus├®e/Mus├®e/Solutions/Applications/Tests/Test_Utilisateur/obj/Release
  Searching for files in directory C:/Users/samue/Desktop/Dossier Projet Application Mus├®e/Mus├®e/Solutions/Applications/Tests/Test_Utilisateur/obj/Release/TempPE
  Searching for files in directory C:/Users/samue/Desktop/Dossier Projet Application Mus├®e/Mus├®e/Solutions/Applications/Tests/Test_Utilisateur/Properties
  Searching for dot files...
  Searching for msc files...
  Searching for dia files...
  Searching for files to exclude
  Searching for files in directory C:/Users/samue/Desktop/Dossier Projet Application Mus├®e/Mus├®e/Solutions/Applications/Tests
  Searching for files in directory C:/Users/samue/Desktop/Dossier Projet Application Mus├®e/Mus├®e/Solutions/Applications/Tests/Test_Persistance_XML
  Searching for files in directory C:/Users/samue/Desktop/Dossier Projet Application Mus├®e/Mus├®e/Solutions/Applications/Tests/Test_Persistance_XML/bin
  Searching for files in directory C:/Users/samue/Desktop/Dossier Projet Application Mus├®e/Mus├®e/Solutions/Applications/Tests/Test_Persistance_XML/bin/Debug
  Searching for files in directory C:/Users/samue/Desktop/Dossier Projet Application Mus├®e/Mus├®e/Solutions/Applications/Tests/Test_Persistance_XML/bin/Release
  Searching for files in directory C:/Users/samue/Desktop/Dossier Projet Application Mus├®e/Mus├®e/Solutions/Applications/Tests/Test_Persistance_XML/obj
  Searching for files in directory C:/Users/samue/Desktop/Dossier Projet Application Mus├®e/Mus├®e/Solutions/Applications/Tests/Test_Persistance_XML/obj/Debug
  Searching for files in directory C:/Users/samue/Desktop/Dossier Projet Application Mus├®e/Mus├®e/Solutions/Applications/Tests/Test_Persistance_XML/obj/Debug/TempPE
  Searching for files in directory C:/Users/samue/Desktop/Dossier Projet Application Mus├®e/Mus├®e/Solutions/Applications/Tests/Test_Persistance_XML/obj/Release
  Searching for files in directory C:/Users/samue/Desktop/Dossier Projet Application Mus├®e/Mus├®e/Solutions/Applications/Tests/Test_Persistance_XML/obj/Release/TempPE
  Searching for files in directory C:/Users/samue/Desktop/Dossier Projet Application Mus├®e/Mus├®e/Solutions/Applications/Tests/Test_Persistance_XML/Properties
  Searching for files in directory C:/Users/samue/Desktop/Dossier Projet Application Mus├®e/Mus├®e/Solutions/Applications/Tests/Test_Persistance_XML/XML
  Searching for files in directory C:/Users/samue/Desktop/Dossier Projet Application Mus├®e/Mus├®e/Solutions/Applications/Tests/Test_PieceDeMusee
  Searching for files in directory C:/Users/samue/Desktop/Dossier Projet Application Mus├®e/Mus├®e/Solutions/Applications/Tests/Test_PieceDeMusee/bin
  Searching for files in directory C:/Users/samue/Desktop/Dossier Projet Application Mus├®e/Mus├®e/Solutions/Applications/Tests/Test_PieceDeMusee/bin/Debug
  Searching for files in directory C:/Users/samue/Desktop/Dossier Projet Application Mus├®e/Mus├®e/Solutions/Applications/Tests/Test_PieceDeMusee/bin/Release
  Searching for files in directory C:/Users/samue/Desktop/Dossier Projet Application Mus├®e/Mus├®e/Solutions/Applications/Tests/Test_PieceDeMusee/obj
  Searching for files in directory C:/Users/samue/Desktop/Dossier Projet Application Mus├®e/Mus├®e/Solutions/Applications/Tests/Test_PieceDeMusee/obj/Debug
  Searching for files in directory C:/Users/samue/Desktop/Dossier Projet Application Mus├®e/Mus├®e/Solutions/Applications/Tests/Test_PieceDeMusee/obj/Debug/TempPE
  Searching for files in directory C:/Users/samue/Desktop/Dossier Projet Application Mus├®e/Mus├®e/Solutions/Applications/Tests/Test_PieceDeMusee/obj/Release
  Searching for files in directory C:/Users/samue/Desktop/Dossier Projet Application Mus├®e/Mus├®e/Solutions/Applications/Tests/Test_PieceDeMusee/obj/Release/TempPE
  Searching for files in directory C:/Users/samue/Desktop/Dossier Projet Application Mus├®e/Mus├®e/Solutions/Applications/Tests/Test_PieceDeMusee/Properties
  Searching for files in directory C:/Users/samue/Desktop/Dossier Projet Application Mus├®e/Mus├®e/Solutions/Applications/Tests/Test_Utilisateur
  Searching for files in directory C:/Users/samue/Desktop/Dossier Projet Application Mus├®e/Mus├®e/Solutions/Applications/Tests/Test_Utilisateur/bin
  Searching for files in directory C:/Users/samue/Desktop/Dossier Projet Application Mus├®e/Mus├®e/Solutions/Applications/Tests/Test_Utilisateur/bin/Debug
  Searching for files in directory C:/Users/samue/Desktop/Dossier Projet Application Mus├®e/Mus├®e/Solutions/Applications/Tests/Test_Utilisateur/bin/Release
  Searching for files in directory C:/Users/samue/Desktop/Dossier Projet Application Mus├®e/Mus├®e/Solutions/Applications/Tests/Test_Utilisateur/obj
  Searching for files in directory C:/Users/samue/Desktop/Dossier Projet Application Mus├®e/Mus├®e/Solutions/Applications/Tests/Test_Utilisateur/obj/Debug
  Searching for files in directory C:/Users/samue/Desktop/Dossier Projet Application Mus├®e/Mus├®e/Solutions/Applications/Tests/Test_Utilisateur/obj/Debug/TempPE
  Searching for files in directory C:/Users/samue/Desktop/Dossier Projet Application Mus├®e/Mus├®e/Solutions/Applications/Tests/Test_Utilisateur/obj/Release
  Searching for files in directory C:/Users/samue/Desktop/Dossier Projet Application Mus├®e/Mus├®e/Solutions/Applications/Tests/Test_Utilisateur/obj/Release/TempPE
  Searching for files in directory C:/Users/samue/Desktop/Dossier Projet Application Mus├®e/Mus├®e/Solutions/Applications/Tests/Test_Utilisateur/Properties
  Searching INPUT for files to process...
  Searching for files in directory C:/Users/samue/Desktop/Dossier Projet Application Mus├®e/Mus├®e
  Searching for files in directory C:/Users/samue/Desktop/Dossier Projet Application Mus├®e/Mus├®e/Documentation
  Searching for files in directory C:/Users/samue/Desktop/Dossier Projet Application Mus├®e/Mus├®e/Documentation/Doxygen
  Searching for files in directory C:/Users/samue/Desktop/Dossier Projet Application Mus├®e/Mus├®e/Documentation/html
  Searching for files in directory C:/Users/samue/Desktop/Dossier Projet Application Mus├®e/Mus├®e/Solutions
  Searching for files in directory C:/Users/samue/Desktop/Dossier Projet Application Mus├®e/Mus├®e/Solutions/Applications
  Searching for files in directory C:/Users/samue/Desktop/Dossier Projet Application Mus├®e/Mus├®e/Solutions/Applications/Core
  Searching for files in directory C:/Users/samue/Desktop/Dossier Projet Application Mus├®e/Mus├®e/Solutions/Applications/Core/bin
  Searching for files in directory C:/Users/samue/Desktop/Dossier Projet Application Mus├®e/Mus├®e/Solutions/Applications/Core/bin/Debug
  Searching for files in directory C:/Users/samue/Desktop/Dossier Projet Application Mus├®e/Mus├®e/Solutions/Applications/Core/bin/Release
  Searching for files in directory C:/Users/samue/Desktop/Dossier Projet Application Mus├®e/Mus├®e/Solutions/Applications/Core/obj
  Searching for files in directory C:/Users/samue/Desktop/Dossier Projet Application Mus├®e/Mus├®e/Solutions/Applications/Core/obj/Debug
  Searching for files in directory C:/Users/samue/Desktop/Dossier Projet Application Mus├®e/Mus├®e/Solutions/Applications/Core/obj/Debug/TempPE
  Searching for files in directory C:/Users/samue/Desktop/Dossier Projet Application Mus├®e/Mus├®e/Solutions/Applications/Core/obj/Release
  Searching for files in directory C:/Users/samue/Desktop/Dossier Projet Application Mus├®e/Mus├®e/Solutions/Applications/Core/obj/Release/TempPE
  Searching for files in directory C:/Users/samue/Desktop/Dossier Projet Application Mus├®e/Mus├®e/Solutions/Applications/Core/Properties
  Searching for files in directory C:/Users/samue/Desktop/Dossier Projet Application Mus├®e/Mus├®e/Solutions/Applications/Debug
  Searching for files in directory C:/Users/samue/Desktop/Dossier Projet Application Mus├®e/Mus├®e/Solutions/Applications/Documentation
  Searching for files in directory C:/Users/samue/Desktop/Dossier Projet Application Mus├®e/Mus├®e/Solutions/Applications/Documentation/obj
  Searching for files in directory C:/Users/samue/Desktop/Dossier Projet Application Mus├®e/Mus├®e/Solutions/Applications/Documentation/obj/Win32
  Searching for files in directory C:/Users/samue/Desktop/Dossier Projet Application Mus├®e/Mus├®e/Solutions/Applications/Documentation/obj/Win32/Debug
  Searching for files in directory C:/Users/samue/Desktop/Dossier Projet Application Mus├®e/Mus├®e/Solutions/Applications/Documentation/obj/Win32/Release
  Searching for files in directory C:/Users/samue/Desktop/Dossier Projet Application Mus├®e/Mus├®e/Solutions/Applications/Documentation/Release
  Searching for files in directory C:/Users/samue/Desktop/Dossier Projet Application Mus├®e/Mus├®e/Solutions/Applications/Mus├®e
  Searching for files in directory C:/Users/samue/Desktop/Dossier Projet Application Mus├®e/Mus├®e/Solutions/Applications/Mus├®e/bin
  Searching for files in directory C:/Users/samue/Desktop/Dossier Projet Application Mus├®e/Mus├®e/Solutions/Applications/Mus├®e/bin/Debug
  Searching for files in directory C:/Users/samue/Desktop/Dossier Projet Application Mus├®e/Mus├®e/Solutions/Applications/Mus├®e/bin/Release
  Searching for files in directory C:/Users/samue/Desktop/Dossier Projet Application Mus├®e/Mus├®e/Solutions/Applications/Mus├®e/obj
  Searching for files in directory C:/Users/samue/Desktop/Dossier Projet Application Mus├®e/Mus├®e/Solutions/Applications/Mus├®e/obj/Debug
  Searching for files in directory C:/Users/samue/Desktop/Dossier Projet Application Mus├®e/Mus├®e/Solutions/Applications/Mus├®e/obj/Debug/TempPE
  Searching for files in directory C:/Users/samue/Desktop/Dossier Projet Application Mus├®e/Mus├®e/Solutions/Applications/Mus├®e/obj/Release
  Searching for files in directory C:/Users/samue/Desktop/Dossier Projet Application Mus├®e/Mus├®e/Solutions/Applications/Mus├®e/obj/Release/TempPE
  Searching for files in directory C:/Users/samue/Desktop/Dossier Projet Application Mus├®e/Mus├®e/Solutions/Applications/Mus├®e/Properties
  Searching for files in directory C:/Users/samue/Desktop/Dossier Projet Application Mus├®e/Mus├®e/Solutions/Applications/Persistance_XML
  Searching for files in directory C:/Users/samue/Desktop/Dossier Projet Application Mus├®e/Mus├®e/Solutions/Applications/Persistance_XML/bin
  Searching for files in directory C:/Users/samue/Desktop/Dossier Projet Application Mus├®e/Mus├®e/Solutions/Applications/Persistance_XML/bin/Debug
  Searching for files in directory C:/Users/samue/Desktop/Dossier Projet Application Mus├®e/Mus├®e/Solutions/Applications/Persistance_XML/bin/Release
  Searching for files in directory C:/Users/samue/Desktop/Dossier Projet Application Mus├®e/Mus├®e/Solutions/Applications/Persistance_XML/obj
  Searching for files in directory C:/Users/samue/Desktop/Dossier Projet Application Mus├®e/Mus├®e/Solutions/Applications/Persistance_XML/obj/Debug
  Searching for files in directory C:/Users/samue/Desktop/Dossier Projet Application Mus├®e/Mus├®e/Solutions/Applications/Persistance_XML/obj/Debug/TempPE
  Searching for files in directory C:/Users/samue/Desktop/Dossier Projet Application Mus├®e/Mus├®e/Solutions/Applications/Persistance_XML/obj/Release
  Searching for files in directory C:/Users/samue/Desktop/Dossier Projet Application Mus├®e/Mus├®e/Solutions/Applications/Persistance_XML/obj/Release/TempPE
  Searching for files in directory C:/Users/samue/Desktop/Dossier Projet Application Mus├®e/Mus├®e/Solutions/Applications/Persistance_XML/Properties
  Searching for files in directory C:/Users/samue/Desktop/Dossier Projet Application Mus├®e/Mus├®e/Solutions/Applications/Release
  Searching for files in directory C:/Users/samue/Desktop/Dossier Projet Application Mus├®e/Mus├®e/Solutions/Applications/Stub
  Searching for files in directory C:/Users/samue/Desktop/Dossier Projet Application Mus├®e/Mus├®e/Solutions/Applications/Stub/bin
  Searching for files in directory C:/Users/samue/Desktop/Dossier Projet Application Mus├®e/Mus├®e/Solutions/Applications/Stub/bin/Debug
  Searching for files in directory C:/Users/samue/Desktop/Dossier Projet Application Mus├®e/Mus├®e/Solutions/Applications/Stub/bin/Release
  Searching for files in directory C:/Users/samue/Desktop/Dossier Projet Application Mus├®e/Mus├®e/Solutions/Applications/Stub/Images
  Searching for files in directory C:/Users/samue/Desktop/Dossier Projet Application Mus├®e/Mus├®e/Solutions/Applications/Stub/obj
  Searching for files in directory C:/Users/samue/Desktop/Dossier Projet Application Mus├®e/Mus├®e/Solutions/Applications/Stub/obj/Debug
  Searching for files in directory C:/Users/samue/Desktop/Dossier Projet Application Mus├®e/Mus├®e/Solutions/Applications/Stub/obj/Debug/TempPE
  Searching for files in directory C:/Users/samue/Desktop/Dossier Projet Application Mus├®e/Mus├®e/Solutions/Applications/Stub/obj/Release
  Searching for files in directory C:/Users/samue/Desktop/Dossier Projet Application Mus├®e/Mus├®e/Solutions/Applications/Stub/obj/Release/TempPE
  Searching for files in directory C:/Users/samue/Desktop/Dossier Projet Application Mus├®e/Mus├®e/Solutions/Applications/Stub/Properties
  Searching for files in directory C:/Users/samue/Desktop/Dossier Projet Application Mus├®e/Mus├®e/Solutions/Applications/Stub/XML
  Searching for files in directory C:/Users/samue/Desktop/Dossier Projet Application Mus├®e/Mus├®e/Solutions/Applications/Tests
  Searching for files in directory C:/Users/samue/Desktop/Dossier Projet Application Mus├®e/Mus├®e/Solutions/Applications/Tests/Test_Persistance_XML
  Searching for files in directory C:/Users/samue/Desktop/Dossier Projet Application Mus├®e/Mus├®e/Solutions/Applications/Tests/Test_Persistance_XML/bin
  Searching for files in directory C:/Users/samue/Desktop/Dossier Projet Application Mus├®e/Mus├®e/Solutions/Applications/Tests/Test_Persistance_XML/bin/Debug
  Searching for files in directory C:/Users/samue/Desktop/Dossier Projet Application Mus├®e/Mus├®e/Solutions/Applications/Tests/Test_Persistance_XML/bin/Release
  Searching for files in directory C:/Users/samue/Desktop/Dossier Projet Application Mus├®e/Mus├®e/Solutions/Applications/Tests/Test_Persistance_XML/obj
  Searching for files in directory C:/Users/samue/Desktop/Dossier Projet Application Mus├®e/Mus├®e/Solutions/Applications/Tests/Test_Persistance_XML/obj/Debug
  Searching for files in directory C:/Users/samue/Desktop/Dossier Projet Application Mus├®e/Mus├®e/Solutions/Applications/Tests/Test_Persistance_XML/obj/Debug/TempPE
  Searching for files in directory C:/Users/samue/Desktop/Dossier Projet Application Mus├®e/Mus├®e/Solutions/Applications/Tests/Test_Persistance_XML/obj/Release
  Searching for files in directory C:/Users/samue/Desktop/Dossier Projet Application Mus├®e/Mus├®e/Solutions/Applications/Tests/Test_Persistance_XML/obj/Release/TempPE
  Searching for files in directory C:/Users/samue/Desktop/Dossier Projet Application Mus├®e/Mus├®e/Solutions/Applications/Tests/Test_Persistance_XML/Properties
  Searching for files in directory C:/Users/samue/Desktop/Dossier Projet Application Mus├®e/Mus├®e/Solutions/Applications/Tests/Test_Persistance_XML/XML
  Searching for files in directory C:/Users/samue/Desktop/Dossier Projet Application Mus├®e/Mus├®e/Solutions/Applications/Tests/Test_PieceDeMusee
  Searching for files in directory C:/Users/samue/Desktop/Dossier Projet Application Mus├®e/Mus├®e/Solutions/Applications/Tests/Test_PieceDeMusee/bin
  Searching for files in directory C:/Users/samue/Desktop/Dossier Projet Application Mus├®e/Mus├®e/Solutions/Applications/Tests/Test_PieceDeMusee/bin/Debug
  Searching for files in directory C:/Users/samue/Desktop/Dossier Projet Application Mus├®e/Mus├®e/Solutions/Applications/Tests/Test_PieceDeMusee/bin/Release
  Searching for files in directory C:/Users/samue/Desktop/Dossier Projet Application Mus├®e/Mus├®e/Solutions/Applications/Tests/Test_PieceDeMusee/obj
  Searching for files in directory C:/Users/samue/Desktop/Dossier Projet Application Mus├®e/Mus├®e/Solutions/Applications/Tests/Test_PieceDeMusee/obj/Debug
  Searching for files in directory C:/Users/samue/Desktop/Dossier Projet Application Mus├®e/Mus├®e/Solutions/Applications/Tests/Test_PieceDeMusee/obj/Debug/TempPE
  Searching for files in directory C:/Users/samue/Desktop/Dossier Projet Application Mus├®e/Mus├®e/Solutions/Applications/Tests/Test_PieceDeMusee/obj/Release
  Searching for files in directory C:/Users/samue/Desktop/Dossier Projet Application Mus├®e/Mus├®e/Solutions/Applications/Tests/Test_PieceDeMusee/obj/Release/TempPE
  Searching for files in directory C:/Users/samue/Desktop/Dossier Projet Application Mus├®e/Mus├®e/Solutions/Applications/Tests/Test_PieceDeMusee/Properties
  Searching for files in directory C:/Users/samue/Desktop/Dossier Projet Application Mus├®e/Mus├®e/Solutions/Applications/Tests/Test_Utilisateur
  Searching for files in directory C:/Users/samue/Desktop/Dossier Projet Application Mus├®e/Mus├®e/Solutions/Applications/Tests/Test_Utilisateur/bin
  Searching for files in directory C:/Users/samue/Desktop/Dossier Projet Application Mus├®e/Mus├®e/Solutions/Applications/Tests/Test_Utilisateur/bin/Debug
  Searching for files in directory C:/Users/samue/Desktop/Dossier Projet Application Mus├®e/Mus├®e/Solutions/Applications/Tests/Test_Utilisateur/bin/Release
  Searching for files in directory C:/Users/samue/Desktop/Dossier Projet Application Mus├®e/Mus├®e/Solutions/Applications/Tests/Test_Utilisateur/obj
  Searching for files in directory C:/Users/samue/Desktop/Dossier Projet Application Mus├®e/Mus├®e/Solutions/Applications/Tests/Test_Utilisateur/obj/Debug
  Searching for files in directory C:/Users/samue/Desktop/Dossier Projet Application Mus├®e/Mus├®e/Solutions/Applications/Tests/Test_Utilisateur/obj/Debug/TempPE
  Searching for files in directory C:/Users/samue/Desktop/Dossier Projet Application Mus├®e/Mus├®e/Solutions/Applications/Tests/Test_Utilisateur/obj/Release
  Searching for files in directory C:/Users/samue/Desktop/Dossier Projet Application Mus├®e/Mus├®e/Solutions/Applications/Tests/Test_Utilisateur/obj/Release/TempPE
  Searching for files in directory C:/Users/samue/Desktop/Dossier Projet Application Mus├®e/Mus├®e/Solutions/Applications/Tests/Test_Utilisateur/Properties
  Reading and parsing tag files
  Parsing files
  Preprocessing C:/Users/samue/Desktop/Dossier Projet Application Mus├®e/Mus├®e/Solutions/Applications/Core/Administrateur.cs...
  Parsing file C:/Users/samue/Desktop/Dossier Projet Application Mus├®e/Mus├®e/Solutions/Applications/Core/Administrateur.cs...
  Preprocessing C:/Users/samue/Desktop/Dossier Projet Application Mus├®e/Mus├®e/Solutions/Applications/Core/Collection.cs...
  Parsing file C:/Users/samue/Desktop/Dossier Projet Application Mus├®e/Mus├®e/Solutions/Applications/Core/Collection.cs...
  Preprocessing C:/Users/samue/Desktop/Dossier Projet Application Mus├®e/Mus├®e/Solutions/Applications/Core/Element.cs...
  Parsing file C:/Users/samue/Desktop/Dossier Projet Application Mus├®e/Mus├®e/Solutions/Applications/Core/Element.cs...
  Preprocessing C:/Users/samue/Desktop/Dossier Projet Application Mus├®e/Mus├®e/Solutions/Applications/Core/IDataManager.cs...
  Parsing file C:/Users/samue/Desktop/Dossier Projet Application Mus├®e/Mus├®e/Solutions/Applications/Core/IDataManager.cs...
  Preprocessing C:/Users/samue/Desktop/Dossier Projet Application Mus├®e/Mus├®e/Solutions/Applications/Core/IPieceDeMusee.cs...
  Parsing file C:/Users/samue/Desktop/Dossier Projet Application Mus├®e/Mus├®e/Solutions/Applications/Core/IPieceDeMusee.cs...
  Preprocessing C:/Users/samue/Desktop/Dossier Projet Application Mus├®e/Mus├®e/Solutions/Applications/Core/IUtilisateur.cs...
  Parsing file C:/Users/samue/Desktop/Dossier Projet Application Mus├®e/Mus├®e/Solutions/Applications/Core/IUtilisateur.cs...
  Preprocessing C:/Users/samue/Desktop/Dossier Projet Application Mus├®e/Mus├®e/Solutions/Applications/Core/Manager.cs...
  Parsing file C:/Users/samue/Desktop/Dossier Projet Application Mus├®e/Mus├®e/Solutions/Applications/Core/Manager.cs...
  Preprocessing C:/Users/samue/Desktop/Dossier Projet Application Mus├®e/Mus├®e/Solutions/Applications/Core/Media.cs...
  Parsing file C:/Users/samue/Desktop/Dossier Projet Application Mus├®e/Mus├®e/Solutions/Applications/Core/Media.cs...
  Preprocessing C:/Users/samue/Desktop/Dossier Projet Application Mus├®e/Mus├®e/Solutions/Applications/Core/obj/Debug/TemporaryGeneratedFile_036C0B5B-1481-4323-8D20-8F5ADCB23D92.cs...
  Parsing file C:/Users/samue/Desktop/Dossier Projet Application Mus├®e/Mus├®e/Solutions/Applications/Core/obj/Debug/TemporaryGeneratedFile_036C0B5B-1481-4323-8D20-8F5ADCB23D92.cs...
  Preprocessing C:/Users/samue/Desktop/Dossier Projet Application Mus├®e/Mus├®e/Solutions/Applications/Core/obj/Debug/TemporaryGeneratedFile_5937a670-0e60-4077-877b-f7221da3dda1.cs...
  Parsing file C:/Users/samue/Desktop/Dossier Projet Application Mus├®e/Mus├®e/Solutions/Applications/Core/obj/Debug/TemporaryGeneratedFile_5937a670-0e60-4077-877b-f7221da3dda1.cs...
  Preprocessing C:/Users/samue/Desktop/Dossier Projet Application Mus├®e/Mus├®e/Solutions/Applications/Core/obj/Debug/TemporaryGeneratedFile_E7A71F73-0F8D-4B9B-B56E-8E70B10BC5D3.cs...
  Parsing file C:/Users/samue/Desktop/Dossier Projet Application Mus├®e/Mus├®e/Solutions/Applications/Core/obj/Debug/TemporaryGeneratedFile_E7A71F73-0F8D-4B9B-B56E-8E70B10BC5D3.cs...
  Preprocessing C:/Users/samue/Desktop/Dossier Projet Application Mus├®e/Mus├®e/Solutions/Applications/Core/obj/Release/TemporaryGeneratedFile_036C0B5B-1481-4323-8D20-8F5ADCB23D92.cs...
  Parsing file C:/Users/samue/Desktop/Dossier Projet Application Mus├®e/Mus├®e/Solutions/Applications/Core/obj/Release/TemporaryGeneratedFile_036C0B5B-1481-4323-8D20-8F5ADCB23D92.cs...
  Preprocessing C:/Users/samue/Desktop/Dossier Projet Application Mus├®e/Mus├®e/Solutions/Applications/Core/obj/Release/TemporaryGeneratedFile_5937a670-0e60-4077-877b-f7221da3dda1.cs...
  Parsing file C:/Users/samue/Desktop/Dossier Projet Application Mus├®e/Mus├®e/Solutions/Applications/Core/obj/Release/TemporaryGeneratedFile_5937a670-0e60-4077-877b-f7221da3dda1.cs...
  Preprocessing C:/Users/samue/Desktop/Dossier Projet Application Mus├®e/Mus├®e/Solutions/Applications/Core/obj/Release/TemporaryGeneratedFile_E7A71F73-0F8D-4B9B-B56E-8E70B10BC5D3.cs...
  Parsing file C:/Users/samue/Desktop/Dossier Projet Application Mus├®e/Mus├®e/Solutions/Applications/Core/obj/Release/TemporaryGeneratedFile_E7A71F73-0F8D-4B9B-B56E-8E70B10BC5D3.cs...
  Preprocessing C:/Users/samue/Desktop/Dossier Projet Application Mus├®e/Mus├®e/Solutions/Applications/Core/Organisation.cs...
  Parsing file C:/Users/samue/Desktop/Dossier Projet Application Mus├®e/Mus├®e/Solutions/Applications/Core/Organisation.cs...
  Preprocessing C:/Users/samue/Desktop/Dossier Projet Application Mus├®e/Mus├®e/Solutions/Applications/Core/PieceDeMusee.cs...
  Parsing file C:/Users/samue/Desktop/Dossier Projet Application Mus├®e/Mus├®e/Solutions/Applications/Core/PieceDeMusee.cs...
  Preprocessing C:/Users/samue/Desktop/Dossier Projet Application Mus├®e/Mus├®e/Solutions/Applications/Core/Properties/AssemblyInfo.cs...
  Parsing file C:/Users/samue/Desktop/Dossier Projet Application Mus├®e/Mus├®e/Solutions/Applications/Core/Properties/AssemblyInfo.cs...
  Preprocessing C:/Users/samue/Desktop/Dossier Projet Application Mus├®e/Mus├®e/Solutions/Applications/Core/Utilisateur.cs...
  Parsing file C:/Users/samue/Desktop/Dossier Projet Application Mus├®e/Mus├®e/Solutions/Applications/Core/Utilisateur.cs...
  Preprocessing C:/Users/samue/Desktop/Dossier Projet Application Mus├®e/Mus├®e/Solutions/Applications/Mus├®e/App.xaml.cs...
  Parsing file C:/Users/samue/Desktop/Dossier Projet Application Mus├®e/Mus├®e/Solutions/Applications/Mus├®e/App.xaml.cs...
  Preprocessing C:/Users/samue/Desktop/Dossier Projet Application Mus├®e/Mus├®e/Solutions/Applications/Mus├®e/MainWindow.xaml.cs...
  Parsing file C:/Users/samue/Desktop/Dossier Projet Application Mus├®e/Mus├®e/Solutions/Applications/Mus├®e/MainWindow.xaml.cs...
  Preprocessing C:/Users/samue/Desktop/Dossier Projet Application Mus├®e/Mus├®e/Solutions/Applications/Mus├®e/obj/Debug/App.g.cs...
  Parsing file C:/Users/samue/Desktop/Dossier Projet Application Mus├®e/Mus├®e/Solutions/Applications/Mus├®e/obj/Debug/App.g.cs...
  Preprocessing C:/Users/samue/Desktop/Dossier Projet Application Mus├®e/Mus├®e/Solutions/Applications/Mus├®e/obj/Debug/App.g.i.cs...
  Parsing file C:/Users/samue/Desktop/Dossier Projet Application Mus├®e/Mus├®e/Solutions/Applications/Mus├®e/obj/Debug/App.g.i.cs...
  Preprocessing C:/Users/samue/Desktop/Dossier Projet Application Mus├®e/Mus├®e/Solutions/Applications/Mus├®e/obj/Debug/GeneratedInternalTypeHelper.g.cs...
  Parsing file C:/Users/samue/Desktop/Dossier Projet Application Mus├®e/Mus├®e/Solutions/Applications/Mus├®e/obj/Debug/GeneratedInternalTypeHelper.g.cs...
  Preprocessing C:/Users/samue/Desktop/Dossier Projet Application Mus├®e/Mus├®e/Solutions/Applications/Mus├®e/obj/Debug/GeneratedInternalTypeHelper.g.i.cs...
  Parsing file C:/Users/samue/Desktop/Dossier Projet Application Mus├®e/Mus├®e/Solutions/Applications/Mus├®e/obj/Debug/GeneratedInternalTypeHelper.g.i.cs...
  Preprocessing C:/Users/samue/Desktop/Dossier Projet Application Mus├®e/Mus├®e/Solutions/Applications/Mus├®e/obj/Debug/MainWindow.g.cs...
  Parsing file C:/Users/samue/Desktop/Dossier Projet Application Mus├®e/Mus├®e/Solutions/Applications/Mus├®e/obj/Debug/MainWindow.g.cs...
  Preprocessing C:/Users/samue/Desktop/Dossier Projet Application Mus├®e/Mus├®e/Solutions/Applications/Mus├®e/obj/Debug/MainWindow.g.i.cs...
  Parsing file C:/Users/samue/Desktop/Dossier Projet Application Mus├®e/Mus├®e/Solutions/Applications/Mus├®e/obj/Debug/MainWindow.g.i.cs...
  Preprocessing C:/Users/samue/Desktop/Dossier Projet Application Mus├®e/Mus├®e/Solutions/Applications/Mus├®e/obj/Debug/TemporaryGeneratedFile_036C0B5B-1481-4323-8D20-8F5ADCB23D92.cs...
  Parsing file C:/Users/samue/Desktop/Dossier Projet Application Mus├®e/Mus├®e/Solutions/Applications/Mus├®e/obj/Debug/TemporaryGeneratedFile_036C0B5B-1481-4323-8D20-8F5ADCB23D92.cs...
  Preprocessing C:/Users/samue/Desktop/Dossier Projet Application Mus├®e/Mus├®e/Solutions/Applications/Mus├®e/obj/Debug/TemporaryGeneratedFile_5937a670-0e60-4077-877b-f7221da3dda1.cs...
  Parsing file C:/Users/samue/Desktop/Dossier Projet Application Mus├®e/Mus├®e/Solutions/Applications/Mus├®e/obj/Debug/TemporaryGeneratedFile_5937a670-0e60-4077-877b-f7221da3dda1.cs...
  Preprocessing C:/Users/samue/Desktop/Dossier Projet Application Mus├®e/Mus├®e/Solutions/Applications/Mus├®e/obj/Debug/TemporaryGeneratedFile_E7A71F73-0F8D-4B9B-B56E-8E70B10BC5D3.cs...
  Parsing file C:/Users/samue/Desktop/Dossier Projet Application Mus├®e/Mus├®e/Solutions/Applications/Mus├®e/obj/Debug/TemporaryGeneratedFile_E7A71F73-0F8D-4B9B-B56E-8E70B10BC5D3.cs...
  Preprocessing C:/Users/samue/Desktop/Dossier Projet Application Mus├®e/Mus├®e/Solutions/Applications/Mus├®e/obj/Debug/UserControl1.g.cs...
  Parsing file C:/Users/samue/Desktop/Dossier Projet Application Mus├®e/Mus├®e/Solutions/Applications/Mus├®e/obj/Debug/UserControl1.g.cs...
  Preprocessing C:/Users/samue/Desktop/Dossier Projet Application Mus├®e/Mus├®e/Solutions/Applications/Mus├®e/obj/Debug/UserControl1.g.i.cs...
  Parsing file C:/Users/samue/Desktop/Dossier Projet Application Mus├®e/Mus├®e/Solutions/Applications/Mus├®e/obj/Debug/UserControl1.g.i.cs...
  Preprocessing C:/Users/samue/Desktop/Dossier Projet Application Mus├®e/Mus├®e/Solutions/Applications/Mus├®e/obj/Debug/UserControl2.g.cs...
  Parsing file C:/Users/samue/Desktop/Dossier Projet Application Mus├®e/Mus├®e/Solutions/Applications/Mus├®e/obj/Debug/UserControl2.g.cs...
  Preprocessing C:/Users/samue/Desktop/Dossier Projet Application Mus├®e/Mus├®e/Solutions/Applications/Mus├®e/obj/Debug/UserControl2.g.i.cs...
  Parsing file C:/Users/samue/Desktop/Dossier Projet Application Mus├®e/Mus├®e/Solutions/Applications/Mus├®e/obj/Debug/UserControl2.g.i.cs...
  Preprocessing C:/Users/samue/Desktop/Dossier Projet Application Mus├®e/Mus├®e/Solutions/Applications/Mus├®e/obj/Debug/UserControl3.g.cs...
  Parsing file C:/Users/samue/Desktop/Dossier Projet Application Mus├®e/Mus├®e/Solutions/Applications/Mus├®e/obj/Debug/UserControl3.g.cs...
  Preprocessing C:/Users/samue/Desktop/Dossier Projet Application Mus├®e/Mus├®e/Solutions/Applications/Mus├®e/obj/Debug/UserControl3.g.i.cs...
  Parsing file C:/Users/samue/Desktop/Dossier Projet Application Mus├®e/Mus├®e/Solutions/Applications/Mus├®e/obj/Debug/UserControl3.g.i.cs...
  Preprocessing C:/Users/samue/Desktop/Dossier Projet Application Mus├®e/Mus├®e/Solutions/Applications/Mus├®e/obj/Release/GeneratedInternalTypeHelper.g.i.cs...
  Parsing file C:/Users/samue/Desktop/Dossier Projet Application Mus├®e/Mus├®e/Solutions/Applications/Mus├®e/obj/Release/GeneratedInternalTypeHelper.g.i.cs...
  Preprocessing C:/Users/samue/Desktop/Dossier Projet Application Mus├®e/Mus├®e/Solutions/Applications/Mus├®e/obj/Release/MainWindow.g.i.cs...
  Parsing file C:/Users/samue/Desktop/Dossier Projet Application Mus├®e/Mus├®e/Solutions/Applications/Mus├®e/obj/Release/MainWindow.g.i.cs...
  Preprocessing C:/Users/samue/Desktop/Dossier Projet Application Mus├®e/Mus├®e/Solutions/Applications/Mus├®e/obj/Release/TemporaryGeneratedFile_036C0B5B-1481-4323-8D20-8F5ADCB23D92.cs...
  Parsing file C:/Users/samue/Desktop/Dossier Projet Application Mus├®e/Mus├®e/Solutions/Applications/Mus├®e/obj/Release/TemporaryGeneratedFile_036C0B5B-1481-4323-8D20-8F5ADCB23D92.cs...
  Preprocessing C:/Users/samue/Desktop/Dossier Projet Application Mus├®e/Mus├®e/Solutions/Applications/Mus├®e/obj/Release/TemporaryGeneratedFile_5937a670-0e60-4077-877b-f7221da3dda1.cs...
  Parsing file C:/Users/samue/Desktop/Dossier Projet Application Mus├®e/Mus├®e/Solutions/Applications/Mus├®e/obj/Release/TemporaryGeneratedFile_5937a670-0e60-4077-877b-f7221da3dda1.cs...
  Preprocessing C:/Users/samue/Desktop/Dossier Projet Application Mus├®e/Mus├®e/Solutions/Applications/Mus├®e/obj/Release/TemporaryGeneratedFile_E7A71F73-0F8D-4B9B-B56E-8E70B10BC5D3.cs...
  Parsing file C:/Users/samue/Desktop/Dossier Projet Application Mus├®e/Mus├®e/Solutions/Applications/Mus├®e/obj/Release/TemporaryGeneratedFile_E7A71F73-0F8D-4B9B-B56E-8E70B10BC5D3.cs...
  Preprocessing C:/Users/samue/Desktop/Dossier Projet Application Mus├®e/Mus├®e/Solutions/Applications/Mus├®e/obj/Release/UserControl1.g.i.cs...
  Parsing file C:/Users/samue/Desktop/Dossier Projet Application Mus├®e/Mus├®e/Solutions/Applications/Mus├®e/obj/Release/UserControl1.g.i.cs...
  Preprocessing C:/Users/samue/Desktop/Dossier Projet Application Mus├®e/Mus├®e/Solutions/Applications/Mus├®e/obj/Release/UserControl2.g.i.cs...
  Parsing file C:/Users/samue/Desktop/Dossier Projet Application Mus├®e/Mus├®e/Solutions/Applications/Mus├®e/obj/Release/UserControl2.g.i.cs...
  Preprocessing C:/Users/samue/Desktop/Dossier Projet Application Mus├®e/Mus├®e/Solutions/Applications/Mus├®e/obj/Release/UserControl3.g.i.cs...
  Parsing file C:/Users/samue/Desktop/Dossier Projet Application Mus├®e/Mus├®e/Solutions/Applications/Mus├®e/obj/Release/UserControl3.g.i.cs...
  Preprocessing C:/Users/samue/Desktop/Dossier Projet Application Mus├®e/Mus├®e/Solutions/Applications/Mus├®e/Properties/AssemblyInfo.cs...
  Parsing file C:/Users/samue/Desktop/Dossier Projet Application Mus├®e/Mus├®e/Solutions/Applications/Mus├®e/Properties/AssemblyInfo.cs...
  Preprocessing C:/Users/samue/Desktop/Dossier Projet Application Mus├®e/Mus├®e/Solutions/Applications/Mus├®e/Properties/Resources.Designer.cs...
  Parsing file C:/Users/samue/Desktop/Dossier Projet Application Mus├®e/Mus├®e/Solutions/Applications/Mus├®e/Properties/Resources.Designer.cs...
  Preprocessing C:/Users/samue/Desktop/Dossier Projet Application Mus├®e/Mus├®e/Solutions/Applications/Mus├®e/Properties/Settings.Designer.cs...
  Parsing file C:/Users/samue/Desktop/Dossier Projet Application Mus├®e/Mus├®e/Solutions/Applications/Mus├®e/Properties/Settings.Designer.cs...
  Preprocessing C:/Users/samue/Desktop/Dossier Projet Application Mus├®e/Mus├®e/Solutions/Applications/Mus├®e/StringToUriConvertisseur.cs...
  Parsing file C:/Users/samue/Desktop/Dossier Projet Application Mus├®e/Mus├®e/Solutions/Applications/Mus├®e/StringToUriConvertisseur.cs...
  Preprocessing C:/Users/samue/Desktop/Dossier Projet Application Mus├®e/Mus├®e/Solutions/Applications/Mus├®e/UserControl1.xaml.cs...
  Parsing file C:/Users/samue/Desktop/Dossier Projet Application Mus├®e/Mus├®e/Solutions/Applications/Mus├®e/UserControl1.xaml.cs...
  Preprocessing C:/Users/samue/Desktop/Dossier Projet Application Mus├®e/Mus├®e/Solutions/Applications/Mus├®e/UserControl2.xaml.cs...
  Parsing file C:/Users/samue/Desktop/Dossier Projet Application Mus├®e/Mus├®e/Solutions/Applications/Mus├®e/UserControl2.xaml.cs...
  Preprocessing C:/Users/samue/Desktop/Dossier Projet Application Mus├®e/Mus├®e/Solutions/Applications/Mus├®e/UserControl3.xaml.cs...
  Parsing file C:/Users/samue/Desktop/Dossier Projet Application Mus├®e/Mus├®e/Solutions/Applications/Mus├®e/UserControl3.xaml.cs...
  Preprocessing C:/Users/samue/Desktop/Dossier Projet Application Mus├®e/Mus├®e/Solutions/Applications/Mus├®e/UserControlBottomManager.cs...
  Parsing file C:/Users/samue/Desktop/Dossier Projet Application Mus├®e/Mus├®e/Solutions/Applications/Mus├®e/UserControlBottomManager.cs...
  Preprocessing C:/Users/samue/Desktop/Dossier Projet Application Mus├®e/Mus├®e/Solutions/Applications/Persistance_XML/obj/Debug/TemporaryGeneratedFile_036C0B5B-1481-4323-8D20-8F5ADCB23D92.cs...
  Parsing file C:/Users/samue/Desktop/Dossier Projet Application Mus├®e/Mus├®e/Solutions/Applications/Persistance_XML/obj/Debug/TemporaryGeneratedFile_036C0B5B-1481-4323-8D20-8F5ADCB23D92.cs...
  Preprocessing C:/Users/samue/Desktop/Dossier Projet Application Mus├®e/Mus├®e/Solutions/Applications/Persistance_XML/obj/Debug/TemporaryGeneratedFile_5937a670-0e60-4077-877b-f7221da3dda1.cs...
  Parsing file C:/Users/samue/Desktop/Dossier Projet Application Mus├®e/Mus├®e/Solutions/Applications/Persistance_XML/obj/Debug/TemporaryGeneratedFile_5937a670-0e60-4077-877b-f7221da3dda1.cs...
  Preprocessing C:/Users/samue/Desktop/Dossier Projet Application Mus├®e/Mus├®e/Solutions/Applications/Persistance_XML/obj/Debug/TemporaryGeneratedFile_E7A71F73-0F8D-4B9B-B56E-8E70B10BC5D3.cs...
  Parsing file C:/Users/samue/Desktop/Dossier Projet Application Mus├®e/Mus├®e/Solutions/Applications/Persistance_XML/obj/Debug/TemporaryGeneratedFile_E7A71F73-0F8D-4B9B-B56E-8E70B10BC5D3.cs...
  Preprocessing C:/Users/samue/Desktop/Dossier Projet Application Mus├®e/Mus├®e/Solutions/Applications/Persistance_XML/obj/Release/TemporaryGeneratedFile_036C0B5B-1481-4323-8D20-8F5ADCB23D92.cs...
  Parsing file C:/Users/samue/Desktop/Dossier Projet Application Mus├®e/Mus├®e/Solutions/Applications/Persistance_XML/obj/Release/TemporaryGeneratedFile_036C0B5B-1481-4323-8D20-8F5ADCB23D92.cs...
  Preprocessing C:/Users/samue/Desktop/Dossier Projet Application Mus├®e/Mus├®e/Solutions/Applications/Persistance_XML/obj/Release/TemporaryGeneratedFile_5937a670-0e60-4077-877b-f7221da3dda1.cs...
  Parsing file C:/Users/samue/Desktop/Dossier Projet Application Mus├®e/Mus├®e/Solutions/Applications/Persistance_XML/obj/Release/TemporaryGeneratedFile_5937a670-0e60-4077-877b-f7221da3dda1.cs...
  Preprocessing C:/Users/samue/Desktop/Dossier Projet Application Mus├®e/Mus├®e/Solutions/Applications/Persistance_XML/obj/Release/TemporaryGeneratedFile_E7A71F73-0F8D-4B9B-B56E-8E70B10BC5D3.cs...
  Parsing file C:/Users/samue/Desktop/Dossier Projet Application Mus├®e/Mus├®e/Solutions/Applications/Persistance_XML/obj/Release/TemporaryGeneratedFile_E7A71F73-0F8D-4B9B-B56E-8E70B10BC5D3.cs...
  Preprocessing C:/Users/samue/Desktop/Dossier Projet Application Mus├®e/Mus├®e/Solutions/Applications/Persistance_XML/PersistanceXML.cs...
  Parsing file C:/Users/samue/Desktop/Dossier Projet Application Mus├®e/Mus├®e/Solutions/Applications/Persistance_XML/PersistanceXML.cs...
  Preprocessing C:/Users/samue/Desktop/Dossier Projet Application Mus├®e/Mus├®e/Solutions/Applications/Persistance_XML/Properties/AssemblyInfo.cs...
  Parsing file C:/Users/samue/Desktop/Dossier Projet Application Mus├®e/Mus├®e/Solutions/Applications/Persistance_XML/Properties/AssemblyInfo.cs...
  Preprocessing C:/Users/samue/Desktop/Dossier Projet Application Mus├®e/Mus├®e/Solutions/Applications/Stub/obj/Debug/TemporaryGeneratedFile_036C0B5B-1481-4323-8D20-8F5ADCB23D92.cs...
  Parsing file C:/Users/samue/Desktop/Dossier Projet Application Mus├®e/Mus├®e/Solutions/Applications/Stub/obj/Debug/TemporaryGeneratedFile_036C0B5B-1481-4323-8D20-8F5ADCB23D92.cs...
  Preprocessing C:/Users/samue/Desktop/Dossier Projet Application Mus├®e/Mus├®e/Solutions/Applications/Stub/obj/Debug/TemporaryGeneratedFile_5937a670-0e60-4077-877b-f7221da3dda1.cs...
  Parsing file C:/Users/samue/Desktop/Dossier Projet Application Mus├®e/Mus├®e/Solutions/Applications/Stub/obj/Debug/TemporaryGeneratedFile_5937a670-0e60-4077-877b-f7221da3dda1.cs...
  Preprocessing C:/Users/samue/Desktop/Dossier Projet Application Mus├®e/Mus├®e/Solutions/Applications/Stub/obj/Debug/TemporaryGeneratedFile_E7A71F73-0F8D-4B9B-B56E-8E70B10BC5D3.cs...
  Parsing file C:/Users/samue/Desktop/Dossier Projet Application Mus├®e/Mus├®e/Solutions/Applications/Stub/obj/Debug/TemporaryGeneratedFile_E7A71F73-0F8D-4B9B-B56E-8E70B10BC5D3.cs...
  Preprocessing C:/Users/samue/Desktop/Dossier Projet Application Mus├®e/Mus├®e/Solutions/Applications/Stub/obj/Release/TemporaryGeneratedFile_036C0B5B-1481-4323-8D20-8F5ADCB23D92.cs...
  Parsing file C:/Users/samue/Desktop/Dossier Projet Application Mus├®e/Mus├®e/Solutions/Applications/Stub/obj/Release/TemporaryGeneratedFile_036C0B5B-1481-4323-8D20-8F5ADCB23D92.cs...
  Preprocessing C:/Users/samue/Desktop/Dossier Projet Application Mus├®e/Mus├®e/Solutions/Applications/Stub/obj/Release/TemporaryGeneratedFile_5937a670-0e60-4077-877b-f7221da3dda1.cs...
  Parsing file C:/Users/samue/Desktop/Dossier Projet Application Mus├®e/Mus├®e/Solutions/Applications/Stub/obj/Release/TemporaryGeneratedFile_5937a670-0e60-4077-877b-f7221da3dda1.cs...
  Preprocessing C:/Users/samue/Desktop/Dossier Projet Application Mus├®e/Mus├®e/Solutions/Applications/Stub/obj/Release/TemporaryGeneratedFile_E7A71F73-0F8D-4B9B-B56E-8E70B10BC5D3.cs...
  Parsing file C:/Users/samue/Desktop/Dossier Projet Application Mus├®e/Mus├®e/Solutions/Applications/Stub/obj/Release/TemporaryGeneratedFile_E7A71F73-0F8D-4B9B-B56E-8E70B10BC5D3.cs...
  Preprocessing C:/Users/samue/Desktop/Dossier Projet Application Mus├®e/Mus├®e/Solutions/Applications/Stub/Properties/AssemblyInfo.cs...
  Parsing file C:/Users/samue/Desktop/Dossier Projet Application Mus├®e/Mus├®e/Solutions/Applications/Stub/Properties/AssemblyInfo.cs...
  Preprocessing C:/Users/samue/Desktop/Dossier Projet Application Mus├®e/Mus├®e/Solutions/Applications/Stub/StubManager.cs...
  Parsing file C:/Users/samue/Desktop/Dossier Projet Application Mus├®e/Mus├®e/Solutions/Applications/Stub/StubManager.cs...
  Building group list...
  Building directory list...
  Building namespace list...
  Building file list...
  Building class list...
  Associating documentation with classes...
  Computing nesting relations for classes...
  Building example list...
  Searching for enumerations...
  Searching for documented typedefs...
  Searching for members imported via using declarations...
  Searching for included using directives...
  Searching for documented variables...
  Building interface member list...
  Building member list...
  Searching for friends...
  Searching for documented defines...
  Computing class inheritance relations...
  Computing class usage relations...
  Flushing cached template relations that have become invalid...
  Creating members for template instances...
  Computing class relations...
  Add enum values to enums...
  Searching for member function documentation...
  Building page list...
  Search for main page...
  Computing page relations...
  Determining the scope of groups...
  Sorting lists...
  Freeing entry tree
  Determining which enums are documented
  Computing member relations...
  Building full member lists recursively...
  Adding members to member groups.
  Computing member references...
  Generating disk names...
  Adding source references...
  Adding xrefitems...
  Sorting member lists...
  Computing dependencies between directories...
  Generating citations page...
  Counting data structures...
  Resolving user defined references...
  Finding anchors and sections in the documentation...
  Transferring function references...
  Combining using relations...
  Adding members to index pages...
  Generating style sheet...
  Generating search indices...
  Generating example documentation...
  Generating file sources...
  Generating code for file C:/Users/samue/Desktop/Dossier Projet Application Mus├®e/Mus├®e/Solutions/Applications/Core/Administrateur.cs...
  Generating code for file C:/Users/samue/Desktop/Dossier Projet Application Mus├®e/Mus├®e/Solutions/Applications/Core/Collection.cs...
  Generating code for file C:/Users/samue/Desktop/Dossier Projet Application Mus├®e/Mus├®e/Solutions/Applications/Core/Element.cs...
  Generating code for file C:/Users/samue/Desktop/Dossier Projet Application Mus├®e/Mus├®e/Solutions/Applications/Core/IDataManager.cs...
  Generating code for file C:/Users/samue/Desktop/Dossier Projet Application Mus├®e/Mus├®e/Solutions/Applications/Core/IPieceDeMusee.cs...
  Generating code for file C:/Users/samue/Desktop/Dossier Projet Application Mus├®e/Mus├®e/Solutions/Applications/Core/IUtilisateur.cs...
  Generating code for file C:/Users/samue/Desktop/Dossier Projet Application Mus├®e/Mus├®e/Solutions/Applications/Core/Manager.cs...
  Generating code for file C:/Users/samue/Desktop/Dossier Projet Application Mus├®e/Mus├®e/Solutions/Applications/Core/Media.cs...
  Generating code for file C:/Users/samue/Desktop/Dossier Projet Application Mus├®e/Mus├®e/Solutions/Applications/Core/obj/Debug/TemporaryGeneratedFile_036C0B5B-1481-4323-8D20-8F5ADCB23D92.cs...
  Generating code for file C:/Users/samue/Desktop/Dossier Projet Application Mus├®e/Mus├®e/Solutions/Applications/Core/obj/Release/TemporaryGeneratedFile_036C0B5B-1481-4323-8D20-8F5ADCB23D92.cs...
  Generating code for file C:/Users/samue/Desktop/Dossier Projet Application Mus├®e/Mus├®e/Solutions/Applications/Mus├®e/obj/Debug/TemporaryGeneratedFile_036C0B5B-1481-4323-8D20-8F5ADCB23D92.cs...
  Generating code for file C:/Users/samue/Desktop/Dossier Projet Application Mus├®e/Mus├®e/Solutions/Applications/Mus├®e/obj/Release/TemporaryGeneratedFile_036C0B5B-1481-4323-8D20-8F5ADCB23D92.cs...
  Generating code for file C:/Users/samue/Desktop/Dossier Projet Application Mus├®e/Mus├®e/Solutions/Applications/Persistance_XML/obj/Debug/TemporaryGeneratedFile_036C0B5B-1481-4323-8D20-8F5ADCB23D92.cs...
  Generating code for file C:/Users/samue/Desktop/Dossier Projet Application Mus├®e/Mus├®e/Solutions/Applications/Persistance_XML/obj/Release/TemporaryGeneratedFile_036C0B5B-1481-4323-8D20-8F5ADCB23D92.cs...
  Generating code for file C:/Users/samue/Desktop/Dossier Projet Application Mus├®e/Mus├®e/Solutions/Applications/Stub/obj/Debug/TemporaryGeneratedFile_036C0B5B-1481-4323-8D20-8F5ADCB23D92.cs...
  Generating code for file C:/Users/samue/Desktop/Dossier Projet Application Mus├®e/Mus├®e/Solutions/Applications/Stub/obj/Release/TemporaryGeneratedFile_036C0B5B-1481-4323-8D20-8F5ADCB23D92.cs...
  Generating code for file C:/Users/samue/Desktop/Dossier Projet Application Mus├®e/Mus├®e/Solutions/Applications/Core/obj/Debug/TemporaryGeneratedFile_5937a670-0e60-4077-877b-f7221da3dda1.cs...
  Generating code for file C:/Users/samue/Desktop/Dossier Projet Application Mus├®e/Mus├®e/Solutions/Applications/Core/obj/Release/TemporaryGeneratedFile_5937a670-0e60-4077-877b-f7221da3dda1.cs...
  Generating code for file C:/Users/samue/Desktop/Dossier Projet Application Mus├®e/Mus├®e/Solutions/Applications/Mus├®e/obj/Debug/TemporaryGeneratedFile_5937a670-0e60-4077-877b-f7221da3dda1.cs...
  Generating code for file C:/Users/samue/Desktop/Dossier Projet Application Mus├®e/Mus├®e/Solutions/Applications/Mus├®e/obj/Release/TemporaryGeneratedFile_5937a670-0e60-4077-877b-f7221da3dda1.cs...
  Generating code for file C:/Users/samue/Desktop/Dossier Projet Application Mus├®e/Mus├®e/Solutions/Applications/Persistance_XML/obj/Debug/TemporaryGeneratedFile_5937a670-0e60-4077-877b-f7221da3dda1.cs...
  Generating code for file C:/Users/samue/Desktop/Dossier Projet Application Mus├®e/Mus├®e/Solutions/Applications/Persistance_XML/obj/Release/TemporaryGeneratedFile_5937a670-0e60-4077-877b-f7221da3dda1.cs...
  Generating code for file C:/Users/samue/Desktop/Dossier Projet Application Mus├®e/Mus├®e/Solutions/Applications/Stub/obj/Debug/TemporaryGeneratedFile_5937a670-0e60-4077-877b-f7221da3dda1.cs...
  Generating code for file C:/Users/samue/Desktop/Dossier Projet Application Mus├®e/Mus├®e/Solutions/Applications/Stub/obj/Release/TemporaryGeneratedFile_5937a670-0e60-4077-877b-f7221da3dda1.cs...
  Generating code for file C:/Users/samue/Desktop/Dossier Projet Application Mus├®e/Mus├®e/Solutions/Applications/Core/obj/Debug/TemporaryGeneratedFile_E7A71F73-0F8D-4B9B-B56E-8E70B10BC5D3.cs...
  Generating code for file C:/Users/samue/Desktop/Dossier Projet Application Mus├®e/Mus├®e/Solutions/Applications/Core/obj/Release/TemporaryGeneratedFile_E7A71F73-0F8D-4B9B-B56E-8E70B10BC5D3.cs...
  Generating code for file C:/Users/samue/Desktop/Dossier Projet Application Mus├®e/Mus├®e/Solutions/Applications/Mus├®e/obj/Debug/TemporaryGeneratedFile_E7A71F73-0F8D-4B9B-B56E-8E70B10BC5D3.cs...
  Generating code for file C:/Users/samue/Desktop/Dossier Projet Application Mus├®e/Mus├®e/Solutions/Applications/Mus├®e/obj/Release/TemporaryGeneratedFile_E7A71F73-0F8D-4B9B-B56E-8E70B10BC5D3.cs...
  Generating code for file C:/Users/samue/Desktop/Dossier Projet Application Mus├®e/Mus├®e/Solutions/Applications/Persistance_XML/obj/Debug/TemporaryGeneratedFile_E7A71F73-0F8D-4B9B-B56E-8E70B10BC5D3.cs...
  Generating code for file C:/Users/samue/Desktop/Dossier Projet Application Mus├®e/Mus├®e/Solutions/Applications/Persistance_XML/obj/Release/TemporaryGeneratedFile_E7A71F73-0F8D-4B9B-B56E-8E70B10BC5D3.cs...
  Generating code for file C:/Users/samue/Desktop/Dossier Projet Application Mus├®e/Mus├®e/Solutions/Applications/Stub/obj/Debug/TemporaryGeneratedFile_E7A71F73-0F8D-4B9B-B56E-8E70B10BC5D3.cs...
  Generating code for file C:/Users/samue/Desktop/Dossier Projet Application Mus├®e/Mus├®e/Solutions/Applications/Stub/obj/Release/TemporaryGeneratedFile_E7A71F73-0F8D-4B9B-B56E-8E70B10BC5D3.cs...
  Generating code for file C:/Users/samue/Desktop/Dossier Projet Application Mus├®e/Mus├®e/Solutions/Applications/Core/Organisation.cs...
  Generating code for file C:/Users/samue/Desktop/Dossier Projet Application Mus├®e/Mus├®e/Solutions/Applications/Core/PieceDeMusee.cs...
  Generating code for file C:/Users/samue/Desktop/Dossier Projet Application Mus├®e/Mus├®e/Solutions/Applications/Core/Properties/AssemblyInfo.cs...
  Generating code for file C:/Users/samue/Desktop/Dossier Projet Application Mus├®e/Mus├®e/Solutions/Applications/Mus├®e/Properties/AssemblyInfo.cs...
  Generating code for file C:/Users/samue/Desktop/Dossier Projet Application Mus├®e/Mus├®e/Solutions/Applications/Persistance_XML/Properties/AssemblyInfo.cs...
  Generating code for file C:/Users/samue/Desktop/Dossier Projet Application Mus├®e/Mus├®e/Solutions/Applications/Stub/Properties/AssemblyInfo.cs...
  Generating code for file C:/Users/samue/Desktop/Dossier Projet Application Mus├®e/Mus├®e/Solutions/Applications/Core/Utilisateur.cs...
  Generating code for file C:/Users/samue/Desktop/Dossier Projet Application Mus├®e/Mus├®e/Solutions/Applications/Mus├®e/App.xaml.cs...
  Generating code for file C:/Users/samue/Desktop/Dossier Projet Application Mus├®e/Mus├®e/Solutions/Applications/Mus├®e/MainWindow.xaml.cs...
  Generating code for file C:/Users/samue/Desktop/Dossier Projet Application Mus├®e/Mus├®e/Solutions/Applications/Mus├®e/obj/Debug/App.g.cs...
  Generating code for file C:/Users/samue/Desktop/Dossier Projet Application Mus├®e/Mus├®e/Solutions/Applications/Mus├®e/obj/Debug/App.g.i.cs...
  Generating code for file C:/Users/samue/Desktop/Dossier Projet Application Mus├®e/Mus├®e/Solutions/Applications/Mus├®e/obj/Debug/GeneratedInternalTypeHelper.g.cs...
  Generating code for file C:/Users/samue/Desktop/Dossier Projet Application Mus├®e/Mus├®e/Solutions/Applications/Mus├®e/obj/Debug/GeneratedInternalTypeHelper.g.i.cs...
  Generating code for file C:/Users/samue/Desktop/Dossier Projet Application Mus├®e/Mus├®e/Solutions/Applications/Mus├®e/obj/Release/GeneratedInternalTypeHelper.g.i.cs...
  Generating code for file C:/Users/samue/Desktop/Dossier Projet Application Mus├®e/Mus├®e/Solutions/Applications/Mus├®e/obj/Debug/MainWindow.g.cs...
  Generating code for file C:/Users/samue/Desktop/Dossier Projet Application Mus├®e/Mus├®e/Solutions/Applications/Mus├®e/obj/Debug/MainWindow.g.i.cs...
  Generating code for file C:/Users/samue/Desktop/Dossier Projet Application Mus├®e/Mus├®e/Solutions/Applications/Mus├®e/obj/Release/MainWindow.g.i.cs...
  Generating code for file C:/Users/samue/Desktop/Dossier Projet Application Mus├®e/Mus├®e/Solutions/Applications/Mus├®e/obj/Debug/UserControl1.g.cs...
  Generating code for file C:/Users/samue/Desktop/Dossier Projet Application Mus├®e/Mus├®e/Solutions/Applications/Mus├®e/obj/Debug/UserControl1.g.i.cs...
  Generating code for file C:/Users/samue/Desktop/Dossier Projet Application Mus├®e/Mus├®e/Solutions/Applications/Mus├®e/obj/Release/UserControl1.g.i.cs...
  Generating code for file C:/Users/samue/Desktop/Dossier Projet Application Mus├®e/Mus├®e/Solutions/Applications/Mus├®e/obj/Debug/UserControl2.g.cs...
  Generating code for file C:/Users/samue/Desktop/Dossier Projet Application Mus├®e/Mus├®e/Solutions/Applications/Mus├®e/obj/Debug/UserControl2.g.i.cs...
  Generating code for file C:/Users/samue/Desktop/Dossier Projet Application Mus├®e/Mus├®e/Solutions/Applications/Mus├®e/obj/Release/UserControl2.g.i.cs...
  Generating code for file C:/Users/samue/Desktop/Dossier Projet Application Mus├®e/Mus├®e/Solutions/Applications/Mus├®e/obj/Debug/UserControl3.g.cs...
  Generating code for file C:/Users/samue/Desktop/Dossier Projet Application Mus├®e/Mus├®e/Solutions/Applications/Mus├®e/obj/Debug/UserControl3.g.i.cs...
  Generating code for file C:/Users/samue/Desktop/Dossier Projet Application Mus├®e/Mus├®e/Solutions/Applications/Mus├®e/obj/Release/UserControl3.g.i.cs...
  Generating code for file C:/Users/samue/Desktop/Dossier Projet Application Mus├®e/Mus├®e/Solutions/Applications/Mus├®e/Properties/Resources.Designer.cs...
  Generating code for file C:/Users/samue/Desktop/Dossier Projet Application Mus├®e/Mus├®e/Solutions/Applications/Mus├®e/Properties/Settings.Designer.cs...
  Generating code for file C:/Users/samue/Desktop/Dossier Projet Application Mus├®e/Mus├®e/Solutions/Applications/Mus├®e/StringToUriConvertisseur.cs...
  Generating code for file C:/Users/samue/Desktop/Dossier Projet Application Mus├®e/Mus├®e/Solutions/Applications/Mus├®e/UserControl1.xaml.cs...
  Generating code for file C:/Users/samue/Desktop/Dossier Projet Application Mus├®e/Mus├®e/Solutions/Applications/Mus├®e/UserControl2.xaml.cs...
  Generating code for file C:/Users/samue/Desktop/Dossier Projet Application Mus├®e/Mus├®e/Solutions/Applications/Mus├®e/UserControl3.xaml.cs...
  Generating code for file C:/Users/samue/Desktop/Dossier Projet Application Mus├®e/Mus├®e/Solutions/Applications/Mus├®e/UserControlBottomManager.cs...
  Generating code for file C:/Users/samue/Desktop/Dossier Projet Application Mus├®e/Mus├®e/Solutions/Applications/Persistance_XML/PersistanceXML.cs...
  Generating code for file C:/Users/samue/Desktop/Dossier Projet Application Mus├®e/Mus├®e/Solutions/Applications/Stub/StubManager.cs...
  Generating file documentation...
  Generating docs for file C:/Users/samue/Desktop/Dossier Projet Application Mus├®e/Mus├®e/Solutions/Applications/Core/Administrateur.cs...
  Generating docs for file C:/Users/samue/Desktop/Dossier Projet Application Mus├®e/Mus├®e/Solutions/Applications/Core/Collection.cs...
  Generating docs for file C:/Users/samue/Desktop/Dossier Projet Application Mus├®e/Mus├®e/Solutions/Applications/Core/Element.cs...
  Generating docs for file C:/Users/samue/Desktop/Dossier Projet Application Mus├®e/Mus├®e/Solutions/Applications/Core/IDataManager.cs...
  Generating docs for file C:/Users/samue/Desktop/Dossier Projet Application Mus├®e/Mus├®e/Solutions/Applications/Core/IPieceDeMusee.cs...
  Generating docs for file C:/Users/samue/Desktop/Dossier Projet Application Mus├®e/Mus├®e/Solutions/Applications/Core/IUtilisateur.cs...
  Generating docs for file C:/Users/samue/Desktop/Dossier Projet Application Mus├®e/Mus├®e/Solutions/Applications/Core/Manager.cs...
  Generating docs for file C:/Users/samue/Desktop/Dossier Projet Application Mus├®e/Mus├®e/Solutions/Applications/Core/Media.cs...
  Generating docs for file C:/Users/samue/Desktop/Dossier Projet Application Mus├®e/Mus├®e/Solutions/Applications/Core/obj/Debug/TemporaryGeneratedFile_036C0B5B-1481-4323-8D20-8F5ADCB23D92.cs...
  Generating docs for file C:/Users/samue/Desktop/Dossier Projet Application Mus├®e/Mus├®e/Solutions/Applications/Core/obj/Release/TemporaryGeneratedFile_036C0B5B-1481-4323-8D20-8F5ADCB23D92.cs...
  Generating docs for file C:/Users/samue/Desktop/Dossier Projet Application Mus├®e/Mus├®e/Solutions/Applications/Mus├®e/obj/Debug/TemporaryGeneratedFile_036C0B5B-1481-4323-8D20-8F5ADCB23D92.cs...
  Generating docs for file C:/Users/samue/Desktop/Dossier Projet Application Mus├®e/Mus├®e/Solutions/Applications/Mus├®e/obj/Release/TemporaryGeneratedFile_036C0B5B-1481-4323-8D20-8F5ADCB23D92.cs...
  Generating docs for file C:/Users/samue/Desktop/Dossier Projet Application Mus├®e/Mus├®e/Solutions/Applications/Persistance_XML/obj/Debug/TemporaryGeneratedFile_036C0B5B-1481-4323-8D20-8F5ADCB23D92.cs...
  Generating docs for file C:/Users/samue/Desktop/Dossier Projet Application Mus├®e/Mus├®e/Solutions/Applications/Persistance_XML/obj/Release/TemporaryGeneratedFile_036C0B5B-1481-4323-8D20-8F5ADCB23D92.cs...
  Generating docs for file C:/Users/samue/Desktop/Dossier Projet Application Mus├®e/Mus├®e/Solutions/Applications/Stub/obj/Debug/TemporaryGeneratedFile_036C0B5B-1481-4323-8D20-8F5ADCB23D92.cs...
  Generating docs for file C:/Users/samue/Desktop/Dossier Projet Application Mus├®e/Mus├®e/Solutions/Applications/Stub/obj/Release/TemporaryGeneratedFile_036C0B5B-1481-4323-8D20-8F5ADCB23D92.cs...
  Generating docs for file C:/Users/samue/Desktop/Dossier Projet Application Mus├®e/Mus├®e/Solutions/Applications/Core/obj/Debug/TemporaryGeneratedFile_5937a670-0e60-4077-877b-f7221da3dda1.cs...
  Generating docs for file C:/Users/samue/Desktop/Dossier Projet Application Mus├®e/Mus├®e/Solutions/Applications/Core/obj/Release/TemporaryGeneratedFile_5937a670-0e60-4077-877b-f7221da3dda1.cs...
  Generating docs for file C:/Users/samue/Desktop/Dossier Projet Application Mus├®e/Mus├®e/Solutions/Applications/Mus├®e/obj/Debug/TemporaryGeneratedFile_5937a670-0e60-4077-877b-f7221da3dda1.cs...
  Generating docs for file C:/Users/samue/Desktop/Dossier Projet Application Mus├®e/Mus├®e/Solutions/Applications/Mus├®e/obj/Release/TemporaryGeneratedFile_5937a670-0e60-4077-877b-f7221da3dda1.cs...
  Generating docs for file C:/Users/samue/Desktop/Dossier Projet Application Mus├®e/Mus├®e/Solutions/Applications/Persistance_XML/obj/Debug/TemporaryGeneratedFile_5937a670-0e60-4077-877b-f7221da3dda1.cs...
  Generating docs for file C:/Users/samue/Desktop/Dossier Projet Application Mus├®e/Mus├®e/Solutions/Applications/Persistance_XML/obj/Release/TemporaryGeneratedFile_5937a670-0e60-4077-877b-f7221da3dda1.cs...
  Generating docs for file C:/Users/samue/Desktop/Dossier Projet Application Mus├®e/Mus├®e/Solutions/Applications/Stub/obj/Debug/TemporaryGeneratedFile_5937a670-0e60-4077-877b-f7221da3dda1.cs...
  Generating docs for file C:/Users/samue/Desktop/Dossier Projet Application Mus├®e/Mus├®e/Solutions/Applications/Stub/obj/Release/TemporaryGeneratedFile_5937a670-0e60-4077-877b-f7221da3dda1.cs...
  Generating docs for file C:/Users/samue/Desktop/Dossier Projet Application Mus├®e/Mus├®e/Solutions/Applications/Core/obj/Debug/TemporaryGeneratedFile_E7A71F73-0F8D-4B9B-B56E-8E70B10BC5D3.cs...
  Generating docs for file C:/Users/samue/Desktop/Dossier Projet Application Mus├®e/Mus├®e/Solutions/Applications/Core/obj/Release/TemporaryGeneratedFile_E7A71F73-0F8D-4B9B-B56E-8E70B10BC5D3.cs...
  Generating docs for file C:/Users/samue/Desktop/Dossier Projet Application Mus├®e/Mus├®e/Solutions/Applications/Mus├®e/obj/Debug/TemporaryGeneratedFile_E7A71F73-0F8D-4B9B-B56E-8E70B10BC5D3.cs...
  Generating docs for file C:/Users/samue/Desktop/Dossier Projet Application Mus├®e/Mus├®e/Solutions/Applications/Mus├®e/obj/Release/TemporaryGeneratedFile_E7A71F73-0F8D-4B9B-B56E-8E70B10BC5D3.cs...
  Generating docs for file C:/Users/samue/Desktop/Dossier Projet Application Mus├®e/Mus├®e/Solutions/Applications/Persistance_XML/obj/Debug/TemporaryGeneratedFile_E7A71F73-0F8D-4B9B-B56E-8E70B10BC5D3.cs...
  Generating docs for file C:/Users/samue/Desktop/Dossier Projet Application Mus├®e/Mus├®e/Solutions/Applications/Persistance_XML/obj/Release/TemporaryGeneratedFile_E7A71F73-0F8D-4B9B-B56E-8E70B10BC5D3.cs...
  Generating docs for file C:/Users/samue/Desktop/Dossier Projet Application Mus├®e/Mus├®e/Solutions/Applications/Stub/obj/Debug/TemporaryGeneratedFile_E7A71F73-0F8D-4B9B-B56E-8E70B10BC5D3.cs...
  Generating docs for file C:/Users/samue/Desktop/Dossier Projet Application Mus├®e/Mus├®e/Solutions/Applications/Stub/obj/Release/TemporaryGeneratedFile_E7A71F73-0F8D-4B9B-B56E-8E70B10BC5D3.cs...
  Generating docs for file C:/Users/samue/Desktop/Dossier Projet Application Mus├®e/Mus├®e/Solutions/Applications/Core/Organisation.cs...
  Generating docs for file C:/Users/samue/Desktop/Dossier Projet Application Mus├®e/Mus├®e/Solutions/Applications/Core/PieceDeMusee.cs...
  Generating docs for file C:/Users/samue/Desktop/Dossier Projet Application Mus├®e/Mus├®e/Solutions/Applications/Core/Properties/AssemblyInfo.cs...
  Generating docs for file C:/Users/samue/Desktop/Dossier Projet Application Mus├®e/Mus├®e/Solutions/Applications/Mus├®e/Properties/AssemblyInfo.cs...
  Generating docs for file C:/Users/samue/Desktop/Dossier Projet Application Mus├®e/Mus├®e/Solutions/Applications/Persistance_XML/Properties/AssemblyInfo.cs...
  Generating docs for file C:/Users/samue/Desktop/Dossier Projet Application Mus├®e/Mus├®e/Solutions/Applications/Stub/Properties/AssemblyInfo.cs...
  Generating docs for file C:/Users/samue/Desktop/Dossier Projet Application Mus├®e/Mus├®e/Solutions/Applications/Core/Utilisateur.cs...
  Generating docs for file C:/Users/samue/Desktop/Dossier Projet Application Mus├®e/Mus├®e/Solutions/Applications/Mus├®e/App.xaml.cs...
  Generating docs for file C:/Users/samue/Desktop/Dossier Projet Application Mus├®e/Mus├®e/Solutions/Applications/Mus├®e/MainWindow.xaml.cs...
  Generating docs for file C:/Users/samue/Desktop/Dossier Projet Application Mus├®e/Mus├®e/Solutions/Applications/Mus├®e/obj/Debug/App.g.cs...
  Generating docs for file C:/Users/samue/Desktop/Dossier Projet Application Mus├®e/Mus├®e/Solutions/Applications/Mus├®e/obj/Debug/App.g.i.cs...
  Generating docs for file C:/Users/samue/Desktop/Dossier Projet Application Mus├®e/Mus├®e/Solutions/Applications/Mus├®e/obj/Debug/GeneratedInternalTypeHelper.g.cs...
  Generating docs for file C:/Users/samue/Desktop/Dossier Projet Application Mus├®e/Mus├®e/Solutions/Applications/Mus├®e/obj/Debug/GeneratedInternalTypeHelper.g.i.cs...
  Generating docs for file C:/Users/samue/Desktop/Dossier Projet Application Mus├®e/Mus├®e/Solutions/Applications/Mus├®e/obj/Release/GeneratedInternalTypeHelper.g.i.cs...
  Generating docs for file C:/Users/samue/Desktop/Dossier Projet Application Mus├®e/Mus├®e/Solutions/Applications/Mus├®e/obj/Debug/MainWindow.g.cs...
  Generating docs for file C:/Users/samue/Desktop/Dossier Projet Application Mus├®e/Mus├®e/Solutions/Applications/Mus├®e/obj/Debug/MainWindow.g.i.cs...
  Generating docs for file C:/Users/samue/Desktop/Dossier Projet Application Mus├®e/Mus├®e/Solutions/Applications/Mus├®e/obj/Release/MainWindow.g.i.cs...
  Generating docs for file C:/Users/samue/Desktop/Dossier Projet Application Mus├®e/Mus├®e/Solutions/Applications/Mus├®e/obj/Debug/UserControl1.g.cs...
  Generating docs for file C:/Users/samue/Desktop/Dossier Projet Application Mus├®e/Mus├®e/Solutions/Applications/Mus├®e/obj/Debug/UserControl1.g.i.cs...
  Generating docs for file C:/Users/samue/Desktop/Dossier Projet Application Mus├®e/Mus├®e/Solutions/Applications/Mus├®e/obj/Release/UserControl1.g.i.cs...
  Generating docs for file C:/Users/samue/Desktop/Dossier Projet Application Mus├®e/Mus├®e/Solutions/Applications/Mus├®e/obj/Debug/UserControl2.g.cs...
  Generating docs for file C:/Users/samue/Desktop/Dossier Projet Application Mus├®e/Mus├®e/Solutions/Applications/Mus├®e/obj/Debug/UserControl2.g.i.cs...
  Generating docs for file C:/Users/samue/Desktop/Dossier Projet Application Mus├®e/Mus├®e/Solutions/Applications/Mus├®e/obj/Release/UserControl2.g.i.cs...
  Generating docs for file C:/Users/samue/Desktop/Dossier Projet Application Mus├®e/Mus├®e/Solutions/Applications/Mus├®e/obj/Debug/UserControl3.g.cs...
  Generating docs for file C:/Users/samue/Desktop/Dossier Projet Application Mus├®e/Mus├®e/Solutions/Applications/Mus├®e/obj/Debug/UserControl3.g.i.cs...
  Generating docs for file C:/Users/samue/Desktop/Dossier Projet Application Mus├®e/Mus├®e/Solutions/Applications/Mus├®e/obj/Release/UserControl3.g.i.cs...
  Generating docs for file C:/Users/samue/Desktop/Dossier Projet Application Mus├®e/Mus├®e/Solutions/Applications/Mus├®e/Properties/Resources.Designer.cs...
  Generating docs for file C:/Users/samue/Desktop/Dossier Projet Application Mus├®e/Mus├®e/Solutions/Applications/Mus├®e/Properties/Settings.Designer.cs...
  Generating docs for file C:/Users/samue/Desktop/Dossier Projet Application Mus├®e/Mus├®e/Solutions/Applications/Mus├®e/StringToUriConvertisseur.cs...
  Generating docs for file C:/Users/samue/Desktop/Dossier Projet Application Mus├®e/Mus├®e/Solutions/Applications/Mus├®e/UserControl1.xaml.cs...
  Generating docs for file C:/Users/samue/Desktop/Dossier Projet Application Mus├®e/Mus├®e/Solutions/Applications/Mus├®e/UserControl2.xaml.cs...
  Generating docs for file C:/Users/samue/Desktop/Dossier Projet Application Mus├®e/Mus├®e/Solutions/Applications/Mus├®e/UserControl3.xaml.cs...
  Generating docs for file C:/Users/samue/Desktop/Dossier Projet Application Mus├®e/Mus├®e/Solutions/Applications/Mus├®e/UserControlBottomManager.cs...
  Generating docs for file C:/Users/samue/Desktop/Dossier Projet Application Mus├®e/Mus├®e/Solutions/Applications/Persistance_XML/PersistanceXML.cs...
  Generating docs for file C:/Users/samue/Desktop/Dossier Projet Application Mus├®e/Mus├®e/Solutions/Applications/Stub/StubManager.cs...
  Generating page documentation...
  Generating group documentation...
  Generating class documentation...
  Generating docs for compound IEquatable...
  Generating docs for compound INotifyPropertyChanged...
  Generating docs for compound IValueConverter...
  Generating docs for compound UserControl...
  Generating namespace index...
  Generating docs for namespace Core
  Generating docs for compound Core::IDataManager...
  Generating docs for compound Core::IPieceDeMusee...
  Generating docs for compound Core::IUtilisateur...
  Generating docs for compound Core::Manager...
  Generating docs for compound Core::Media...
  Generating docs for compound Core::Organisation...
  Generating docs for namespace Mus├®e
  Generating docs for compound Mus├®e::App...
  Generating docs for compound Mus├®e::MainWindow...
  Generating docs for compound Mus├®e::StringToUriConvertisseur...
  Generating docs for compound Mus├®e::UserControl1...
  Generating docs for compound Mus├®e::UserControl2...
  Generating docs for compound Mus├®e::UserControl3...
  Generating docs for compound Mus├®e::UserControlBottomManager...
  Generating docs for namespace Mus├®e::Properties
  Generating docs for namespace Persistance_XML
  Generating docs for compound Persistance_XML::PersistanceXML...
  Generating docs for namespace Stub
  Generating docs for compound Stub::StubManager...
  Generating docs for namespace XamlGeneratedNamespace
  Generating docs for compound XamlGeneratedNamespace::GeneratedInternalTypeHelper...
  Generating graph info page...
  Generating directory documentation...
  Generating index page...
  Generating page index...
  Generating module index...
  Generating namespace index...
  Generating namespace member index...
  Generating annotated compound index...
  Generating alphabetical compound index...
  Generating hierarchical class index...
  Generating member index...
  Generating file index...
  Generating file member index...
  Generating example index...
  finalizing index lists...
  writing tag file...
  lookup cache used 1386/65536 hits=11737 misses=1436
  finished...
EXEC : warning : Tag `SYMBOL_CACHE_SIZE' at line 299 of file `Doxyfile' has become obsolete.
           To avoid this warning please remove this line from your configuration file or upgrade it using "doxygen -u"
EXEC : warning : Tag `SHOW_DIRECTORIES' at line 483 of file `Doxyfile' has become obsolete.
           To avoid this warning please remove this line from your configuration file or upgrade it using "doxygen -u"
EXEC : warning : Tag `HTML_ALIGN_MEMBERS' at line 809 of file `Doxyfile' has become obsolete.
           To avoid this warning please remove this line from your configuration file or upgrade it using "doxygen -u"
EXEC : warning : Tag `XML_SCHEMA' at line 1146 of file `Doxyfile' has become obsolete.
           To avoid this warning please remove this line from your configuration file or upgrade it using "doxygen -u"
EXEC : warning : Tag `XML_DTD' at line 1152 of file `Doxyfile' has become obsolete.
           To avoid this warning please remove this line from your configuration file or upgrade it using "doxygen -u"
EXEC : warning : doxygen no longer ships with the FreeSans font.
  You may want to clear or change DOT_FONTNAME.
  Otherwise you run the risk that the wrong font is being used for dot generated graphs.
  C:/Users/samue/Desktop/Dossier Projet Application Mus├®e/Mus├®e/Solutions/Applications/Core/Manager.cs:171: warning: argument 'media' of command @param is not found in the argument list of Manager::AjouterM├®dia(IPieceDeMusee pdm, String chemin)
  C:/Users/samue/Desktop/Dossier Projet Application Mus├®e/Mus├®e/Solutions/Applications/Core/Manager.cs:175: warning: The following parameters of Core.Manager.AjouterM├®dia(IPieceDeMusee pdm, String chemin) are not documented:
    parameter 'chemin'
  C:/Users/samue/Desktop/Dossier Projet Application Mus├®e/Mus├®e/Solutions/Applications/Core/Manager.cs:198: warning: argument 'lPDM' of command @param is not found in the argument list of Manager::ModifierCollection(IPieceDeMusee coll, string zone, string nouvNomCollection, List< IPieceDeMusee > lPdm)
  C:/Users/samue/Desktop/Dossier Projet Application Mus├®e/Mus├®e/Solutions/Applications/Core/Manager.cs:205: warning: The following parameters of Core.Manager.ModifierCollection(IPieceDeMusee coll, string zone, string nouvNomCollection, List< IPieceDeMusee > lPdm) are not documented:
    parameter 'coll'
    parameter 'lPdm'
  C:/Users/samue/Desktop/Dossier Projet Application Mus├®e/Mus├®e/Solutions/Applications/Core/Manager.cs:215: warning: argument 'nomElt' of command @param is not found in the argument list of Manager::ModifierElement(IPieceDeMusee elt, string zone, string nom, string caracteristiques, string description, string auteur=null, List< Media > lMedia=null)
  C:/Users/samue/Desktop/Dossier Projet Application Mus├®e/Mus├®e/Solutions/Applications/Core/Manager.cs:220: warning: The following parameters of Core.Manager.ModifierElement(IPieceDeMusee elt, string zone, string nom, string caracteristiques, string description, string auteur=null, List< Media > lMedia=null) are not documented:
    parameter 'elt'
    parameter 'zone'
    parameter 'nom'
    parameter 'caracteristiques'
    parameter 'description'
    parameter 'auteur'
    parameter 'lMedia'
  C:/Users/samue/Desktop/Dossier Projet Application Mus├®e/Mus├®e/Solutions/Applications/Core/Manager.cs:251: warning: argument 'nomElt' of command @param is not found in the argument list of Manager::SupprimerElement(IPieceDeMusee e)
  C:/Users/samue/Desktop/Dossier Projet Application Mus├®e/Mus├®e/Solutions/Applications/Core/Manager.cs:255: warning: The following parameters of Core.Manager.SupprimerElement(IPieceDeMusee e) are not documented:
    parameter 'e'
